<?xml version="1.0" encoding="UTF-8"?>
<testsuite xmlns:xsi="http://www.w3.org/2001/XMLSchema-instance" xsi:noNamespaceSchemaLocation="https://maven.apache.org/surefire/maven-surefire-plugin/xsd/surefire-test-report-3.0.xsd" version="3.0" name="com.tfg.schooledule.SchooleduleApplicationTests" time="0.844" tests="1" errors="0" skipped="0" failures="0">
  <properties>
[...]
</properties>
  <testcase name="contextLoads" classname="com.tfg.schooledule.SchooleduleApplicationTests" time="0.003">
    <system-out><![CDATA[2026-02-25T21:32:42.419+01:00  INFO 31876 --- [Schooledule] [           main] t.c.s.AnnotationConfigContextLoaderUtils : Could not detect default configuration classes for test class [com.tfg.schooledule.SchooleduleApplicationTests]: SchooleduleApplicationTests does not declare any static, non-private, non-final, nested classes annotated with @Configuration.
2026-02-25T21:32:42.427+01:00  INFO 31876 --- [Schooledule] [           main] .b.t.c.SpringBootTestContextBootstrapper : Found @SpringBootConfiguration com.tfg.schooledule.SchooleduleApplication for test class com.tfg.schooledule.SchooleduleApplicationTests
2026-02-25T21:32:42.429+01:00  INFO 31876 --- [Schooledule] [           main] o.s.b.d.r.RestartApplicationListener     : Restart disabled due to context in which it is running

  .   ____          _            __ _ _
 /\\ / ___'_ __ _ _(_)_ __  __ _ \ \ \ \
( ( )\___ | '_ | '_| | '_ \/ _` | \ \ \ \
 \\/  ___)| |_)| | | | | || (_| |  ) ) ) )
  '  |____| .__|_| |_|_| |_\__, | / / / /
 =========|_|==============|___/=/_/_/_/

 :: Spring Boot ::                (v3.3.5)

2026-02-25T21:32:42.442+01:00  INFO 31876 --- [Schooledule] [           main] c.t.s.SchooleduleApplicationTests        : Starting SchooleduleApplicationTests using Java 21.0.8 with PID 31876 (started by Ikran in C:\TFG\Schooledule)
2026-02-25T21:32:42.443+01:00  INFO 31876 --- [Schooledule] [           main] c.t.s.SchooleduleApplicationTests        : No active profile set, falling back to 1 default profile: "default"
2026-02-25T21:32:42.581+01:00  INFO 31876 --- [Schooledule] [           main] .s.d.r.c.RepositoryConfigurationDelegate : Bootstrapping Spring Data JPA repositories in DEFAULT mode.
2026-02-25T21:32:42.591+01:00  INFO 31876 --- [Schooledule] [           main] .s.d.r.c.RepositoryConfigurationDelegate : Finished Spring Data repository scanning in 10 ms. Found 4 JPA repository interfaces.
2026-02-25T21:32:42.676+01:00  INFO 31876 --- [Schooledule] [           main] o.hibernate.jpa.internal.util.LogHelper  : HHH000204: Processing PersistenceUnitInfo [name: default]
2026-02-25T21:32:42.682+01:00  INFO 31876 --- [Schooledule] [           main] o.h.c.internal.RegionFactoryInitiator    : HHH000026: Second-level cache disabled
2026-02-25T21:32:42.686+01:00  INFO 31876 --- [Schooledule] [           main] com.zaxxer.hikari.HikariDataSource       : HikariPool-3 - Starting...
2026-02-25T21:32:42.824+01:00  INFO 31876 --- [Schooledule] [           main] com.zaxxer.hikari.pool.HikariPool        : HikariPool-3 - Added connection org.postgresql.jdbc.PgConnection@5938638f
2026-02-25T21:32:42.824+01:00  INFO 31876 --- [Schooledule] [           main] com.zaxxer.hikari.HikariDataSource       : HikariPool-3 - Start completed.
2026-02-25T21:32:42.828+01:00  WARN 31876 --- [Schooledule] [           main] org.hibernate.orm.deprecation            : HHH90000025: PostgreSQLDialect does not need to be specified explicitly using 'hibernate.dialect' (remove the property setting and it will be selected by default)
2026-02-25T21:32:42.836+01:00  INFO 31876 --- [Schooledule] [           main] o.s.o.j.p.SpringPersistenceUnitInfo      : No LoadTimeWeaver setup: ignoring JPA class transformer
2026-02-25T21:32:43.025+01:00  INFO 31876 --- [Schooledule] [           main] o.h.e.t.j.p.i.JtaPlatformInitiator       : HHH000489: No JTA platform available (set 'hibernate.transaction.jta.platform' to enable JTA platform integration)
2026-02-25T21:32:43.040+01:00  INFO 31876 --- [Schooledule] [           main] j.LocalContainerEntityManagerFactoryBean : Initialized JPA EntityManagerFactory for persistence unit 'default'
2026-02-25T21:32:43.117+01:00  WARN 31876 --- [Schooledule] [           main] JpaBaseConfiguration$JpaWebConfiguration : spring.jpa.open-in-view is enabled by default. Therefore, database queries may be performed during view rendering. Explicitly configure spring.jpa.open-in-view to disable this warning
2026-02-25T21:32:43.123+01:00  INFO 31876 --- [Schooledule] [           main] eAuthenticationProviderManagerConfigurer : Global AuthenticationManager configured with AuthenticationProvider bean with name authenticationProvider
2026-02-25T21:32:43.123+01:00  WARN 31876 --- [Schooledule] [           main] r$InitializeUserDetailsManagerConfigurer : Global AuthenticationManager configured with an AuthenticationProvider bean. UserDetailsService beans will not be used for username/password login. Consider removing the AuthenticationProvider bean. Alternatively, consider using the UserDetailsService in a manually instantiated DaoAuthenticationProvider.
2026-02-25T21:32:43.258+01:00  INFO 31876 --- [Schooledule] [           main] c.t.s.SchooleduleApplicationTests        : Started SchooleduleApplicationTests in 0.829 seconds (process running for 9.319)
]]></system-out>
  </testcase>
</testsuite>